# JRE version: Java(TM) SE Runtime Environment (7.0_51-b13) (build 1.7.0_51-b13)
# Java VM: Java HotSpot(TM) Client VM (24.51-b03 mixed mode windows-x86 )
Heap
 def new generation   total 4928K, used 1800K [0x04300000, 0x04850000, 0x09850000)
  eden space 4416K,  29% used [0x04300000, 0x044420a8, 0x04750000)
  from space 512K, 100% used [0x04750000, 0x047d0000, 0x047d0000)
  to   space 512K,   0% used [0x047d0000, 0x047d0000, 0x04850000)
 tenured generation   total 10944K, used 4381K [0x09850000, 0x0a300000, 0x14300000)
   the space 10944K,  40% used [0x09850000, 0x09c97678, 0x09c97800, 0x0a300000)
 compacting perm gen  total 12288K, used 4783K [0x14300000, 0x14f00000, 0x18300000)
   the space 12288K,  38% used [0x14300000, 0x147abcd0, 0x147abe00, 0x14f00000)
GC Heap History (10 events):
Event: 39.487 GC heap before
{Heap before GC invocations=5 (full 0):
 def new generation   total 4928K, used 4928K [0x04300000, 0x04850000, 0x09850000)
  eden space 4416K, 100% used [0x04300000, 0x04750000, 0x04750000)
  from space 512K, 100% used [0x047d0000, 0x04850000, 0x04850000)
  to   space 512K,   0% used [0x04750000, 0x04750000, 0x047d0000)
 tenured generation   total 10944K, used 2523K [0x09850000, 0x0a300000, 0x14300000)
   the space 10944K,  23% used [0x09850000, 0x09ac6d50, 0x09ac6e00, 0x0a300000)
 compacting perm gen  total 12288K, used 4783K [0x14300000, 0x14f00000, 0x18300000)
   the space 12288K,  38% used [0x14300000, 0x147abc20, 0x147abe00, 0x14f00000)
No shared spaces configured.
Event: 39.490 GC heap after
Heap after GC invocations=6 (full 0):
 def new generation   total 4928K, used 417K [0x04300000, 0x04850000, 0x09850000)
  eden space 4416K,   0% used [0x04300000, 0x04300000, 0x04750000)
  from space 512K,  81% used [0x04750000, 0x047b8428, 0x047d0000)
  to   space 512K,   0% used [0x047d0000, 0x047d0000, 0x04850000)
 tenured generation   total 10944K, used 2630K [0x09850000, 0x0a300000, 0x14300000)
   the space 10944K,  24% used [0x09850000, 0x09ae1998, 0x09ae1a00, 0x0a300000)
 compacting perm gen  total 12288K, used 4783K [0x14300000, 0x14f00000, 0x18300000)
   the space 12288K,  38% used [0x14300000, 0x147abc20, 0x147abe00, 0x14f00000)
No shared spaces configured.
}
Event: 72.970 GC heap before
{Heap before GC invocations=6 (full 0):
 def new generation   total 4928K, used 4777K [0x04300000, 0x04850000, 0x09850000)
  eden space 4416K,  98% used [0x04300000, 0x047422c0, 0x04750000)
  from space 512K,  81% used [0x04750000, 0x047b8428, 0x047d0000)
  to   space 512K,   0% used [0x047d0000, 0x047d0000, 0x04850000)
 tenured generation   total 10944K, used 2630K [0x09850000, 0x0a300000, 0x14300000)
   the space 10944K,  24% used [0x09850000, 0x09ae1998, 0x09ae1a00, 0x0a300000)
 compacting perm gen  total 12288K, used 4783K [0x14300000, 0x14f00000, 0x18300000)
   the space 12288K,  38% used [0x14300000, 0x147abc60, 0x147abe00, 0x14f00000)
No shared spaces configured.
Event: 72.972 GC heap after
Heap after GC invocations=7 (full 0):
 def new generation   total 4928K, used 356K [0x04300000, 0x04850000, 0x09850000)
  eden space 4416K,   0% used [0x04300000, 0x04300000, 0x04750000)
  from space 512K,  69% used [0x047d0000, 0x04829030, 0x04850000)
  to   space 512K,   0% used [0x04750000, 0x04750000, 0x047d0000)
 tenured generation   total 10944K, used 2932K [0x09850000, 0x0a300000, 0x14300000)
   the space 10944K,  26% used [0x09850000, 0x09b2d2f0, 0x09b2d400, 0x0a300000)
 compacting perm gen  total 12288K, used 4783K [0x14300000, 0x14f00000, 0x18300000)
   the space 12288K,  38% used [0x14300000, 0x147abc60, 0x147abe00, 0x14f00000)
No shared spaces configured.
}
Event: 94.978 GC heap before
{Heap before GC invocations=7 (full 0):
 def new generation   total 4928K, used 4772K [0x04300000, 0x04850000, 0x09850000)
  eden space 4416K, 100% used [0x04300000, 0x04750000, 0x04750000)
  from space 512K,  69% used [0x047d0000, 0x04829030, 0x04850000)
  to   space 512K,   0% used [0x04750000, 0x04750000, 0x047d0000)
 tenured generation   total 10944K, used 2932K [0x09850000, 0x0a300000, 0x14300000)
   the space 10944K,  26% used [0x09850000, 0x09b2d2f0, 0x09b2d400, 0x0a300000)
 compacting perm gen  total 12288K, used 4783K [0x14300000, 0x14f00000, 0x18300000)
   the space 12288K,  38% used [0x14300000, 0x147abc70, 0x147abe00, 0x14f00000)
No shared spaces configured.
Event: 94.981 GC heap after
Heap after GC invocations=8 (full 0):
 def new generation   total 4928K, used 512K [0x04300000, 0x04850000, 0x09850000)
  eden space 4416K,   0% used [0x04300000, 0x04300000, 0x04750000)
  from space 512K, 100% used [0x04750000, 0x047d0000, 0x047d0000)
  to   space 512K,   0% used [0x047d0000, 0x047d0000, 0x04850000)
 tenured generation   total 10944K, used 3419K [0x09850000, 0x0a300000, 0x14300000)
   the space 10944K,  31% used [0x09850000, 0x09ba6e48, 0x09ba7000, 0x0a300000)
 compacting perm gen  total 12288K, used 4783K [0x14300000, 0x14f00000, 0x18300000)
   the space 12288K,  38% used [0x14300000, 0x147abc70, 0x147abe00, 0x14f00000)
No shared spaces configured.
}
Event: 97.498 GC heap before
{Heap before GC invocations=8 (full 0):
 def new generation   total 4928K, used 4928K [0x04300000, 0x04850000, 0x09850000)
  eden space 4416K, 100% used [0x04300000, 0x04750000, 0x04750000)
  from space 512K, 100% used [0x04750000, 0x047d0000, 0x047d0000)
  to   space 512K,   0% used [0x047d0000, 0x047d0000, 0x04850000)
 tenured generation   total 10944K, used 3419K [0x09850000, 0x0a300000, 0x14300000)
   the space 10944K,  31% used [0x09850000, 0x09ba6e48, 0x09ba7000, 0x0a300000)
 compacting perm gen  total 12288K, used 4783K [0x14300000, 0x14f00000, 0x18300000)
   the space 12288K,  38% used [0x14300000, 0x147abc90, 0x147abe00, 0x14f00000)
No shared spaces configured.
Event: 97.500 GC heap after
Heap after GC invocations=9 (full 0):
 def new generation   total 4928K, used 302K [0x04300000, 0x04850000, 0x09850000)
  eden space 4416K,   0% used [0x04300000, 0x04300000, 0x04750000)
  from space 512K,  59% used [0x047d0000, 0x0481b8a8, 0x04850000)
  to   space 512K,   0% used [0x04750000, 0x04750000, 0x047d0000)
 tenured generation   total 10944K, used 3913K [0x09850000, 0x0a300000, 0x14300000)
   the space 10944K,  35% used [0x09850000, 0x09c22600, 0x09c22600, 0x0a300000)
 compacting perm gen  total 12288K, used 4783K [0x14300000, 0x14f00000, 0x18300000)
   the space 12288K,  38% used [0x14300000, 0x147abc90, 0x147abe00, 0x14f00000)
No shared spaces configured.
}
Event: 118.690 GC heap before
{Heap before GC invocations=9 (full 0):
 def new generation   total 4928K, used 4718K [0x04300000, 0x04850000, 0x09850000)
  eden space 4416K, 100% used [0x04300000, 0x04750000, 0x04750000)
  from space 512K,  59% used [0x047d0000, 0x0481b8a8, 0x04850000)
  to   space 512K,   0% used [0x04750000, 0x04750000, 0x047d0000)
 tenured generation   total 10944K, used 3913K [0x09850000, 0x0a300000, 0x14300000)
   the space 10944K,  35% used [0x09850000, 0x09c22600, 0x09c22600, 0x0a300000)
 compacting perm gen  total 12288K, used 4783K [0x14300000, 0x14f00000, 0x18300000)
   the space 12288K,  38% used [0x14300000, 0x147abcd0, 0x147abe00, 0x14f00000)
No shared spaces configured.
Event: 118.692 GC heap after
Heap after GC invocations=10 (full 0):
 def new generation   total 4928K, used 512K [0x04300000, 0x04850000, 0x09850000)
  eden space 4416K,   0% used [0x04300000, 0x04300000, 0x04750000)
  from space 512K, 100% used [0x04750000, 0x047d0000, 0x047d0000)
  to   space 512K,   0% used [0x047d0000, 0x047d0000, 0x04850000)
 tenured generation   total 10944K, used 4381K [0x09850000, 0x0a300000, 0x14300000)
   the space 10944K,  40% used [0x09850000, 0x09c97678, 0x09c97800, 0x0a300000)
 compacting perm gen  total 12288K, used 4783K [0x14300000, 0x14f00000, 0x18300000)
   the space 12288K,  38% used [0x14300000, 0x147abcd0, 0x147abe00, 0x14f00000)
No shared spaces configured.
}

