# JRE version: Java(TM) SE Runtime Environment (7.0_51-b13) (build 1.7.0_51-b13)
# Java VM: Java HotSpot(TM) Client VM (24.51-b03 mixed mode windows-x86 )
Heap
 def new generation   total 4928K, used 1496K [0x04400000, 0x04950000, 0x09950000)
  eden space 4416K,  22% used [0x04400000, 0x044f62e8, 0x04850000)
  from space 512K, 100% used [0x04850000, 0x048d0000, 0x048d0000)
  to   space 512K,   0% used [0x048d0000, 0x048d0000, 0x04950000)
 tenured generation   total 10944K, used 4429K [0x09950000, 0x0a400000, 0x14400000)
   the space 10944K,  40% used [0x09950000, 0x09da3478, 0x09da3600, 0x0a400000)
 compacting perm gen  total 12288K, used 4790K [0x14400000, 0x15000000, 0x18400000)
   the space 12288K,  38% used [0x14400000, 0x148ad898, 0x148ada00, 0x15000000)
GC Heap History (10 events):
Event: 39.082 GC heap before
{Heap before GC invocations=5 (full 0):
 def new generation   total 4928K, used 4928K [0x04400000, 0x04950000, 0x09950000)
  eden space 4416K, 100% used [0x04400000, 0x04850000, 0x04850000)
  from space 512K, 100% used [0x048d0000, 0x04950000, 0x04950000)
  to   space 512K,   0% used [0x04850000, 0x04850000, 0x048d0000)
 tenured generation   total 10944K, used 2608K [0x09950000, 0x0a400000, 0x14400000)
   the space 10944K,  23% used [0x09950000, 0x09bdc008, 0x09bdc200, 0x0a400000)
 compacting perm gen  total 12288K, used 4783K [0x14400000, 0x15000000, 0x18400000)
   the space 12288K,  38% used [0x14400000, 0x148abc30, 0x148abe00, 0x15000000)
No shared spaces configured.
Event: 39.086 GC heap after
Heap after GC invocations=6 (full 0):
 def new generation   total 4928K, used 434K [0x04400000, 0x04950000, 0x09950000)
  eden space 4416K,   0% used [0x04400000, 0x04400000, 0x04850000)
  from space 512K,  84% used [0x04850000, 0x048bcbf0, 0x048d0000)
  to   space 512K,   0% used [0x048d0000, 0x048d0000, 0x04950000)
 tenured generation   total 10944K, used 3034K [0x09950000, 0x0a400000, 0x14400000)
   the space 10944K,  27% used [0x09950000, 0x09c468d8, 0x09c46a00, 0x0a400000)
 compacting perm gen  total 12288K, used 4783K [0x14400000, 0x15000000, 0x18400000)
   the space 12288K,  38% used [0x14400000, 0x148abc30, 0x148abe00, 0x15000000)
No shared spaces configured.
}
Event: 143.430 GC heap before
{Heap before GC invocations=6 (full 0):
 def new generation   total 4928K, used 4850K [0x04400000, 0x04950000, 0x09950000)
  eden space 4416K, 100% used [0x04400000, 0x04850000, 0x04850000)
  from space 512K,  84% used [0x04850000, 0x048bcbf0, 0x048d0000)
  to   space 512K,   0% used [0x048d0000, 0x048d0000, 0x04950000)
 tenured generation   total 10944K, used 3034K [0x09950000, 0x0a400000, 0x14400000)
   the space 10944K,  27% used [0x09950000, 0x09c468d8, 0x09c46a00, 0x0a400000)
 compacting perm gen  total 12288K, used 4783K [0x14400000, 0x15000000, 0x18400000)
   the space 12288K,  38% used [0x14400000, 0x148abc70, 0x148abe00, 0x15000000)
No shared spaces configured.
Event: 143.433 GC heap after
Heap after GC invocations=7 (full 0):
 def new generation   total 4928K, used 512K [0x04400000, 0x04950000, 0x09950000)
  eden space 4416K,   0% used [0x04400000, 0x04400000, 0x04850000)
  from space 512K, 100% used [0x048d0000, 0x04950000, 0x04950000)
  to   space 512K,   0% used [0x04850000, 0x04850000, 0x048d0000)
 tenured generation   total 10944K, used 3567K [0x09950000, 0x0a400000, 0x14400000)
   the space 10944K,  32% used [0x09950000, 0x09ccbc88, 0x09ccbe00, 0x0a400000)
 compacting perm gen  total 12288K, used 4783K [0x14400000, 0x15000000, 0x18400000)
   the space 12288K,  38% used [0x14400000, 0x148abc70, 0x148abe00, 0x15000000)
No shared spaces configured.
}
Event: 155.059 GC heap before
{Heap before GC invocations=7 (full 0):
 def new generation   total 4928K, used 4025K [0x04400000, 0x04950000, 0x09950000)
  eden space 4416K,  79% used [0x04400000, 0x0476e4d0, 0x04850000)
  from space 512K, 100% used [0x048d0000, 0x04950000, 0x04950000)
  to   space 512K,   0% used [0x04850000, 0x04850000, 0x048d0000)
 tenured generation   total 10944K, used 3567K [0x09950000, 0x0a400000, 0x14400000)
   the space 10944K,  32% used [0x09950000, 0x09ccbc88, 0x09ccbe00, 0x0a400000)
 compacting perm gen  total 12288K, used 4783K [0x14400000, 0x15000000, 0x18400000)
   the space 12288K,  38% used [0x14400000, 0x148abd30, 0x148abe00, 0x15000000)
No shared spaces configured.
Event: 155.060 GC heap after
Heap after GC invocations=8 (full 0):
 def new generation   total 4928K, used 226K [0x04400000, 0x04950000, 0x09950000)
  eden space 4416K,   0% used [0x04400000, 0x04400000, 0x04850000)
  from space 512K,  44% used [0x04850000, 0x04888830, 0x048d0000)
  to   space 512K,   0% used [0x048d0000, 0x048d0000, 0x04950000)
 tenured generation   total 10944K, used 3763K [0x09950000, 0x0a400000, 0x14400000)
   the space 10944K,  34% used [0x09950000, 0x09cfcef8, 0x09cfd000, 0x0a400000)
 compacting perm gen  total 12288K, used 4783K [0x14400000, 0x15000000, 0x18400000)
   the space 12288K,  38% used [0x14400000, 0x148abd30, 0x148abe00, 0x15000000)
No shared spaces configured.
}
Event: 155.139 GC heap before
{Heap before GC invocations=8 (full 0):
 def new generation   total 4928K, used 4642K [0x04400000, 0x04950000, 0x09950000)
  eden space 4416K, 100% used [0x04400000, 0x04850000, 0x04850000)
  from space 512K,  44% used [0x04850000, 0x04888830, 0x048d0000)
  to   space 512K,   0% used [0x048d0000, 0x048d0000, 0x04950000)
 tenured generation   total 10944K, used 3763K [0x09950000, 0x0a400000, 0x14400000)
   the space 10944K,  34% used [0x09950000, 0x09cfcef8, 0x09cfd000, 0x0a400000)
 compacting perm gen  total 12288K, used 4783K [0x14400000, 0x15000000, 0x18400000)
   the space 12288K,  38% used [0x14400000, 0x148abd40, 0x148abe00, 0x15000000)
No shared spaces configured.
Event: 155.140 GC heap after
Heap after GC invocations=9 (full 0):
 def new generation   total 4928K, used 498K [0x04400000, 0x04950000, 0x09950000)
  eden space 4416K,   0% used [0x04400000, 0x04400000, 0x04850000)
  from space 512K,  97% used [0x048d0000, 0x0494cb20, 0x04950000)
  to   space 512K,   0% used [0x04850000, 0x04850000, 0x048d0000)
 tenured generation   total 10944K, used 3763K [0x09950000, 0x0a400000, 0x14400000)
   the space 10944K,  34% used [0x09950000, 0x09cfcef8, 0x09cfd000, 0x0a400000)
 compacting perm gen  total 12288K, used 4783K [0x14400000, 0x15000000, 0x18400000)
   the space 12288K,  38% used [0x14400000, 0x148abd40, 0x148abe00, 0x15000000)
No shared spaces configured.
}
Event: 244.715 GC heap before
{Heap before GC invocations=9 (full 0):
 def new generation   total 4928K, used 4914K [0x04400000, 0x04950000, 0x09950000)
  eden space 4416K, 100% used [0x04400000, 0x04850000, 0x04850000)
  from space 512K,  97% used [0x048d0000, 0x0494cb20, 0x04950000)
  to   space 512K,   0% used [0x04850000, 0x04850000, 0x048d0000)
 tenured generation   total 10944K, used 3763K [0x09950000, 0x0a400000, 0x14400000)
   the space 10944K,  34% used [0x09950000, 0x09cfcef8, 0x09cfd000, 0x0a400000)
 compacting perm gen  total 12288K, used 4787K [0x14400000, 0x15000000, 0x18400000)
   the space 12288K,  38% used [0x14400000, 0x148ace28, 0x148ad000, 0x15000000)
No shared spaces configured.
Event: 244.717 GC heap after
Heap after GC invocations=10 (full 0):
 def new generation   total 4928K, used 512K [0x04400000, 0x04950000, 0x09950000)
  eden space 4416K,   0% used [0x04400000, 0x04400000, 0x04850000)
  from space 512K, 100% used [0x04850000, 0x048d0000, 0x048d0000)
  to   space 512K,   0% used [0x048d0000, 0x048d0000, 0x04950000)
 tenured generation   total 10944K, used 4429K [0x09950000, 0x0a400000, 0x14400000)
   the space 10944K,  40% used [0x09950000, 0x09da3478, 0x09da3600, 0x0a400000)
 compacting perm gen  total 12288K, used 4787K [0x14400000, 0x15000000, 0x18400000)
   the space 12288K,  38% used [0x14400000, 0x148ace28, 0x148ad000, 0x15000000)
No shared spaces configured.
}

