# JRE version: Java(TM) SE Runtime Environment (7.0_51-b13) (build 1.7.0_51-b13)
# Java VM: Java HotSpot(TM) Client VM (24.51-b03 mixed mode windows-x86 )
Heap
 def new generation   total 4928K, used 4606K [0x043e0000, 0x04930000, 0x09930000)
  eden space 4416K,  92% used [0x043e0000, 0x047dfa70, 0x04830000)
  from space 512K, 100% used [0x048b0000, 0x04930000, 0x04930000)
  to   space 512K,   0% used [0x04830000, 0x04830000, 0x048b0000)
 tenured generation   total 10944K, used 2561K [0x09930000, 0x0a3e0000, 0x143e0000)
   the space 10944K,  23% used [0x09930000, 0x09bb04b8, 0x09bb0600, 0x0a3e0000)
 compacting perm gen  total 12288K, used 4782K [0x143e0000, 0x14fe0000, 0x183e0000)
   the space 12288K,  38% used [0x143e0000, 0x1488bab8, 0x1488bc00, 0x14fe0000)
GC Heap History (10 events):
Event: 0.612 GC heap before
{Heap before GC invocations=0 (full 0):
 def new generation   total 4928K, used 4416K [0x043e0000, 0x04930000, 0x09930000)
  eden space 4416K, 100% used [0x043e0000, 0x04830000, 0x04830000)
  from space 512K,   0% used [0x04830000, 0x04830000, 0x048b0000)
  to   space 512K,   0% used [0x048b0000, 0x048b0000, 0x04930000)
 tenured generation   total 10944K, used 0K [0x09930000, 0x0a3e0000, 0x143e0000)
   the space 10944K,   0% used [0x09930000, 0x09930000, 0x09930200, 0x0a3e0000)
 compacting perm gen  total 12288K, used 2812K [0x143e0000, 0x14fe0000, 0x183e0000)
   the space 12288K,  22% used [0x143e0000, 0x1469f1d8, 0x1469f200, 0x14fe0000)
No shared spaces configured.
Event: 0.616 GC heap after
Heap after GC invocations=1 (full 0):
 def new generation   total 4928K, used 512K [0x043e0000, 0x04930000, 0x09930000)
  eden space 4416K,   0% used [0x043e0000, 0x043e0000, 0x04830000)
  from space 512K, 100% used [0x048b0000, 0x04930000, 0x04930000)
  to   space 512K,   0% used [0x04830000, 0x04830000, 0x048b0000)
 tenured generation   total 10944K, used 573K [0x09930000, 0x0a3e0000, 0x143e0000)
   the space 10944K,   5% used [0x09930000, 0x099bf420, 0x099bf600, 0x0a3e0000)
 compacting perm gen  total 12288K, used 2812K [0x143e0000, 0x14fe0000, 0x183e0000)
   the space 12288K,  22% used [0x143e0000, 0x1469f1d8, 0x1469f200, 0x14fe0000)
No shared spaces configured.
}
Event: 1.007 GC heap before
{Heap before GC invocations=1 (full 0):
 def new generation   total 4928K, used 4922K [0x043e0000, 0x04930000, 0x09930000)
  eden space 4416K,  99% used [0x043e0000, 0x0482e818, 0x04830000)
  from space 512K, 100% used [0x048b0000, 0x04930000, 0x04930000)
  to   space 512K,   0% used [0x04830000, 0x04830000, 0x048b0000)
 tenured generation   total 10944K, used 573K [0x09930000, 0x0a3e0000, 0x143e0000)
   the space 10944K,   5% used [0x09930000, 0x099bf420, 0x099bf600, 0x0a3e0000)
 compacting perm gen  total 12288K, used 3677K [0x143e0000, 0x14fe0000, 0x183e0000)
   the space 12288K,  29% used [0x143e0000, 0x14777528, 0x14777600, 0x14fe0000)
No shared spaces configured.
Event: 1.012 GC heap after
Heap after GC invocations=2 (full 0):
 def new generation   total 4928K, used 512K [0x043e0000, 0x04930000, 0x09930000)
  eden space 4416K,   0% used [0x043e0000, 0x043e0000, 0x04830000)
  from space 512K, 100% used [0x04830000, 0x048b0000, 0x048b0000)
  to   space 512K,   0% used [0x048b0000, 0x048b0000, 0x04930000)
 tenured generation   total 10944K, used 1273K [0x09930000, 0x0a3e0000, 0x143e0000)
   the space 10944K,  11% used [0x09930000, 0x09a6e520, 0x09a6e600, 0x0a3e0000)
 compacting perm gen  total 12288K, used 3677K [0x143e0000, 0x14fe0000, 0x183e0000)
   the space 12288K,  29% used [0x143e0000, 0x14777528, 0x14777600, 0x14fe0000)
No shared spaces configured.
}
Event: 3.711 GC heap before
{Heap before GC invocations=2 (full 0):
 def new generation   total 4928K, used 4215K [0x043e0000, 0x04930000, 0x09930000)
  eden space 4416K,  83% used [0x043e0000, 0x0477deb8, 0x04830000)
  from space 512K, 100% used [0x04830000, 0x048b0000, 0x048b0000)
  to   space 512K,   0% used [0x048b0000, 0x048b0000, 0x04930000)
 tenured generation   total 10944K, used 1273K [0x09930000, 0x0a3e0000, 0x143e0000)
   the space 10944K,  11% used [0x09930000, 0x09a6e520, 0x09a6e600, 0x0a3e0000)
 compacting perm gen  total 12288K, used 4233K [0x143e0000, 0x14fe0000, 0x183e0000)
   the space 12288K,  34% used [0x143e0000, 0x14802648, 0x14802800, 0x14fe0000)
No shared spaces configured.
Event: 3.716 GC heap after
Heap after GC invocations=3 (full 0):
 def new generation   total 4928K, used 512K [0x043e0000, 0x04930000, 0x09930000)
  eden space 4416K,   0% used [0x043e0000, 0x043e0000, 0x04830000)
  from space 512K, 100% used [0x048b0000, 0x04930000, 0x04930000)
  to   space 512K,   0% used [0x04830000, 0x04830000, 0x048b0000)
 tenured generation   total 10944K, used 1722K [0x09930000, 0x0a3e0000, 0x143e0000)
   the space 10944K,  15% used [0x09930000, 0x09adebf0, 0x09adec00, 0x0a3e0000)
 compacting perm gen  total 12288K, used 4233K [0x143e0000, 0x14fe0000, 0x183e0000)
   the space 12288K,  34% used [0x143e0000, 0x14802648, 0x14802800, 0x14fe0000)
No shared spaces configured.
}
Event: 3.812 GC heap before
{Heap before GC invocations=3 (full 0):
 def new generation   total 4928K, used 4928K [0x043e0000, 0x04930000, 0x09930000)
  eden space 4416K, 100% used [0x043e0000, 0x04830000, 0x04830000)
  from space 512K, 100% used [0x048b0000, 0x04930000, 0x04930000)
  to   space 512K,   0% used [0x04830000, 0x04830000, 0x048b0000)
 tenured generation   total 10944K, used 1722K [0x09930000, 0x0a3e0000, 0x143e0000)
   the space 10944K,  15% used [0x09930000, 0x09adebf0, 0x09adec00, 0x0a3e0000)
 compacting perm gen  total 12288K, used 4389K [0x143e0000, 0x14fe0000, 0x183e0000)
   the space 12288K,  35% used [0x143e0000, 0x148296b8, 0x14829800, 0x14fe0000)
No shared spaces configured.
Event: 3.814 GC heap after
Heap after GC invocations=4 (full 0):
 def new generation   total 4928K, used 353K [0x043e0000, 0x04930000, 0x09930000)
  eden space 4416K,   0% used [0x043e0000, 0x043e0000, 0x04830000)
  from space 512K,  69% used [0x04830000, 0x04888540, 0x048b0000)
  to   space 512K,   0% used [0x048b0000, 0x048b0000, 0x04930000)
 tenured generation   total 10944K, used 1854K [0x09930000, 0x0a3e0000, 0x143e0000)
   the space 10944K,  16% used [0x09930000, 0x09aff8c8, 0x09affa00, 0x0a3e0000)
 compacting perm gen  total 12288K, used 4389K [0x143e0000, 0x14fe0000, 0x183e0000)
   the space 12288K,  35% used [0x143e0000, 0x148296b8, 0x14829800, 0x14fe0000)
No shared spaces configured.
}
Event: 8.093 GC heap before
{Heap before GC invocations=4 (full 0):
 def new generation   total 4928K, used 4754K [0x043e0000, 0x04930000, 0x09930000)
  eden space 4416K,  99% used [0x043e0000, 0x0482c5f8, 0x04830000)
  from space 512K,  69% used [0x04830000, 0x04888540, 0x048b0000)
  to   space 512K,   0% used [0x048b0000, 0x048b0000, 0x04930000)
 tenured generation   total 10944K, used 1854K [0x09930000, 0x0a3e0000, 0x143e0000)
   the space 10944K,  16% used [0x09930000, 0x09aff8c8, 0x09affa00, 0x0a3e0000)
 compacting perm gen  total 12288K, used 4746K [0x143e0000, 0x14fe0000, 0x183e0000)
   the space 12288K,  38% used [0x143e0000, 0x14882920, 0x14882a00, 0x14fe0000)
No shared spaces configured.
Event: 8.099 GC heap after
Heap after GC invocations=5 (full 0):
 def new generation   total 4928K, used 512K [0x043e0000, 0x04930000, 0x09930000)
  eden space 4416K,   0% used [0x043e0000, 0x043e0000, 0x04830000)
  from space 512K, 100% used [0x048b0000, 0x04930000, 0x04930000)
  to   space 512K,   0% used [0x04830000, 0x04830000, 0x048b0000)
 tenured generation   total 10944K, used 2561K [0x09930000, 0x0a3e0000, 0x143e0000)
   the space 10944K,  23% used [0x09930000, 0x09bb04b8, 0x09bb0600, 0x0a3e0000)
 compacting perm gen  total 12288K, used 4746K [0x143e0000, 0x14fe0000, 0x183e0000)
   the space 12288K,  38% used [0x143e0000, 0x14882920, 0x14882a00, 0x14fe0000)
No shared spaces configured.
}

