# JRE version: Java(TM) SE Runtime Environment (7.0_51-b13) (build 1.7.0_51-b13)
# Java VM: Java HotSpot(TM) Client VM (24.51-b03 mixed mode windows-x86 )
Heap
 def new generation   total 4928K, used 3057K [0x043e0000, 0x04930000, 0x09930000)
  eden space 4416K,  57% used [0x043e0000, 0x0465c598, 0x04830000)
  from space 512K, 100% used [0x04830000, 0x048b0000, 0x048b0000)
  to   space 512K,   0% used [0x048b0000, 0x048b0000, 0x04930000)
 tenured generation   total 10944K, used 4688K [0x09930000, 0x0a3e0000, 0x143e0000)
   the space 10944K,  42% used [0x09930000, 0x09dc4348, 0x09dc4400, 0x0a3e0000)
 compacting perm gen  total 12288K, used 4794K [0x143e0000, 0x14fe0000, 0x183e0000)
   the space 12288K,  39% used [0x143e0000, 0x1488e9b8, 0x1488ea00, 0x14fe0000)
GC Heap History (10 events):
Event: 122.936 GC heap before
{Heap before GC invocations=5 (full 0):
 def new generation   total 4928K, used 4540K [0x043e0000, 0x04930000, 0x09930000)
  eden space 4416K,  91% used [0x043e0000, 0x047cf3d8, 0x04830000)
  from space 512K, 100% used [0x048b0000, 0x04930000, 0x04930000)
  to   space 512K,   0% used [0x04830000, 0x04830000, 0x048b0000)
 tenured generation   total 10944K, used 2558K [0x09930000, 0x0a3e0000, 0x143e0000)
   the space 10944K,  23% used [0x09930000, 0x09bafa60, 0x09bafc00, 0x0a3e0000)
 compacting perm gen  total 12288K, used 4783K [0x143e0000, 0x14fe0000, 0x183e0000)
   the space 12288K,  38% used [0x143e0000, 0x1488bc30, 0x1488be00, 0x14fe0000)
No shared spaces configured.
Event: 122.938 GC heap after
Heap after GC invocations=6 (full 0):
 def new generation   total 4928K, used 351K [0x043e0000, 0x04930000, 0x09930000)
  eden space 4416K,   0% used [0x043e0000, 0x043e0000, 0x04830000)
  from space 512K,  68% used [0x04830000, 0x04887c38, 0x048b0000)
  to   space 512K,   0% used [0x048b0000, 0x048b0000, 0x04930000)
 tenured generation   total 10944K, used 2628K [0x09930000, 0x0a3e0000, 0x143e0000)
   the space 10944K,  24% used [0x09930000, 0x09bc13f8, 0x09bc1400, 0x0a3e0000)
 compacting perm gen  total 12288K, used 4783K [0x143e0000, 0x14fe0000, 0x183e0000)
   the space 12288K,  38% used [0x143e0000, 0x1488bc30, 0x1488be00, 0x14fe0000)
No shared spaces configured.
}
Event: 123.040 GC heap before
{Heap before GC invocations=6 (full 0):
 def new generation   total 4928K, used 4767K [0x043e0000, 0x04930000, 0x09930000)
  eden space 4416K, 100% used [0x043e0000, 0x04830000, 0x04830000)
  from space 512K,  68% used [0x04830000, 0x04887c38, 0x048b0000)
  to   space 512K,   0% used [0x048b0000, 0x048b0000, 0x04930000)
 tenured generation   total 10944K, used 2628K [0x09930000, 0x0a3e0000, 0x143e0000)
   the space 10944K,  24% used [0x09930000, 0x09bc13f8, 0x09bc1400, 0x0a3e0000)
 compacting perm gen  total 12288K, used 4783K [0x143e0000, 0x14fe0000, 0x183e0000)
   the space 12288K,  38% used [0x143e0000, 0x1488bc40, 0x1488be00, 0x14fe0000)
No shared spaces configured.
Event: 123.042 GC heap after
Heap after GC invocations=7 (full 0):
 def new generation   total 4928K, used 288K [0x043e0000, 0x04930000, 0x09930000)
  eden space 4416K,   0% used [0x043e0000, 0x043e0000, 0x04830000)
  from space 512K,  56% used [0x048b0000, 0x048f8398, 0x04930000)
  to   space 512K,   0% used [0x04830000, 0x04830000, 0x048b0000)
 tenured generation   total 10944K, used 2941K [0x09930000, 0x0a3e0000, 0x143e0000)
   the space 10944K,  26% used [0x09930000, 0x09c0f608, 0x09c0f800, 0x0a3e0000)
 compacting perm gen  total 12288K, used 4783K [0x143e0000, 0x14fe0000, 0x183e0000)
   the space 12288K,  38% used [0x143e0000, 0x1488bc40, 0x1488be00, 0x14fe0000)
No shared spaces configured.
}
Event: 166.482 GC heap before
{Heap before GC invocations=7 (full 0):
 def new generation   total 4928K, used 4704K [0x043e0000, 0x04930000, 0x09930000)
  eden space 4416K, 100% used [0x043e0000, 0x04830000, 0x04830000)
  from space 512K,  56% used [0x048b0000, 0x048f8398, 0x04930000)
  to   space 512K,   0% used [0x04830000, 0x04830000, 0x048b0000)
 tenured generation   total 10944K, used 2941K [0x09930000, 0x0a3e0000, 0x143e0000)
   the space 10944K,  26% used [0x09930000, 0x09c0f608, 0x09c0f800, 0x0a3e0000)
 compacting perm gen  total 12288K, used 4783K [0x143e0000, 0x14fe0000, 0x183e0000)
   the space 12288K,  38% used [0x143e0000, 0x1488bd70, 0x1488be00, 0x14fe0000)
No shared spaces configured.
Event: 166.486 GC heap after
Heap after GC invocations=8 (full 0):
 def new generation   total 4928K, used 512K [0x043e0000, 0x04930000, 0x09930000)
  eden space 4416K,   0% used [0x043e0000, 0x043e0000, 0x04830000)
  from space 512K, 100% used [0x04830000, 0x048b0000, 0x048b0000)
  to   space 512K,   0% used [0x048b0000, 0x048b0000, 0x04930000)
 tenured generation   total 10944K, used 3449K [0x09930000, 0x0a3e0000, 0x143e0000)
   the space 10944K,  31% used [0x09930000, 0x09c8e660, 0x09c8e800, 0x0a3e0000)
 compacting perm gen  total 12288K, used 4783K [0x143e0000, 0x14fe0000, 0x183e0000)
   the space 12288K,  38% used [0x143e0000, 0x1488bd70, 0x1488be00, 0x14fe0000)
No shared spaces configured.
}
Event: 208.999 GC heap before
{Heap before GC invocations=8 (full 0):
 def new generation   total 4928K, used 4928K [0x043e0000, 0x04930000, 0x09930000)
  eden space 4416K, 100% used [0x043e0000, 0x04830000, 0x04830000)
  from space 512K, 100% used [0x04830000, 0x048b0000, 0x048b0000)
  to   space 512K,   0% used [0x048b0000, 0x048b0000, 0x04930000)
 tenured generation   total 10944K, used 3449K [0x09930000, 0x0a3e0000, 0x143e0000)
   the space 10944K,  31% used [0x09930000, 0x09c8e660, 0x09c8e800, 0x0a3e0000)
 compacting perm gen  total 12288K, used 4787K [0x143e0000, 0x14fe0000, 0x183e0000)
   the space 12288K,  38% used [0x143e0000, 0x1488ce58, 0x1488d000, 0x14fe0000)
No shared spaces configured.
Event: 209.004 GC heap after
Heap after GC invocations=9 (full 0):
 def new generation   total 4928K, used 512K [0x043e0000, 0x04930000, 0x09930000)
  eden space 4416K,   0% used [0x043e0000, 0x043e0000, 0x04830000)
  from space 512K, 100% used [0x048b0000, 0x04930000, 0x04930000)
  to   space 512K,   0% used [0x04830000, 0x04830000, 0x048b0000)
 tenured generation   total 10944K, used 4098K [0x09930000, 0x0a3e0000, 0x143e0000)
   the space 10944K,  37% used [0x09930000, 0x09d30840, 0x09d30a00, 0x0a3e0000)
 compacting perm gen  total 12288K, used 4787K [0x143e0000, 0x14fe0000, 0x183e0000)
   the space 12288K,  38% used [0x143e0000, 0x1488ce58, 0x1488d000, 0x14fe0000)
No shared spaces configured.
}
Event: 251.939 GC heap before
{Heap before GC invocations=9 (full 0):
 def new generation   total 4928K, used 4928K [0x043e0000, 0x04930000, 0x09930000)
  eden space 4416K, 100% used [0x043e0000, 0x04830000, 0x04830000)
  from space 512K, 100% used [0x048b0000, 0x04930000, 0x04930000)
  to   space 512K,   0% used [0x04830000, 0x04830000, 0x048b0000)
 tenured generation   total 10944K, used 4098K [0x09930000, 0x0a3e0000, 0x143e0000)
   the space 10944K,  37% used [0x09930000, 0x09d30840, 0x09d30a00, 0x0a3e0000)
 compacting perm gen  total 12288K, used 4794K [0x143e0000, 0x14fe0000, 0x183e0000)
   the space 12288K,  39% used [0x143e0000, 0x1488e9a8, 0x1488ea00, 0x14fe0000)
No shared spaces configured.
Event: 251.943 GC heap after
Heap after GC invocations=10 (full 0):
 def new generation   total 4928K, used 512K [0x043e0000, 0x04930000, 0x09930000)
  eden space 4416K,   0% used [0x043e0000, 0x043e0000, 0x04830000)
  from space 512K, 100% used [0x04830000, 0x048b0000, 0x048b0000)
  to   space 512K,   0% used [0x048b0000, 0x048b0000, 0x04930000)
 tenured generation   total 10944K, used 4688K [0x09930000, 0x0a3e0000, 0x143e0000)
   the space 10944K,  42% used [0x09930000, 0x09dc4348, 0x09dc4400, 0x0a3e0000)
 compacting perm gen  total 12288K, used 4794K [0x143e0000, 0x14fe0000, 0x183e0000)
   the space 12288K,  39% used [0x143e0000, 0x1488e9a8, 0x1488ea00, 0x14fe0000)
No shared spaces configured.
}

